<?xml version="1.0" encoding="UTF-8"?>
<testsuite xmlns:xsi="http://www.w3.org/2001/XMLSchema-instance" xsi:noNamespaceSchemaLocation="https://maven.apache.org/surefire/maven-surefire-plugin/xsd/surefire-test-report.xsd" name="com.jesper.ApplicationTests" time="5.797" tests="2" errors="0" skipped="0" failures="0">
  <properties>
[...]
</properties>
  <testcase name="saveFileTest on saveFileTest(com.jesper.ApplicationTests)" classname="com.jesper.ApplicationTests" time="0.141"/>
  <testcase name="contextLoads on contextLoads(com.jesper.ApplicationTests)" classname="com.jesper.ApplicationTests" time="0.001"/>
</testsuite>