<?xml version="1.0" encoding="UTF-8"?>
<testng-results skipped="0" failed="0" ignored="0" total="2" passed="2">
  <reporter-output>
  </reporter-output>
  <suite name="Surefire suite" duration-ms="5355" started-at="2019-12-25T13:28:04Z" finished-at="2019-12-25T13:28:10Z">
    <groups>
    </groups>
    <test name="Surefire test" duration-ms="5355" started-at="2019-12-25T13:28:04Z" finished-at="2019-12-25T13:28:10Z">
      <class name="com.jesper.ApplicationTests">
        <test-method status="PASS" signature="contextLoads()" name="contextLoads" duration-ms="4998" started-at="2019-12-25T21:28:05Z" finished-at="2019-12-25T21:28:10Z">
          <reporter-output>
          </reporter-output>
        </test-method> <!-- contextLoads -->
        <test-method status="PASS" signature="saveFileTest() throws java.lang.Exception" name="saveFileTest" duration-ms="4995" started-at="2019-12-25T21:28:05Z" finished-at="2019-12-25T21:28:10Z">
          <reporter-output>
          </reporter-output>
        </test-method> <!-- saveFileTest -->
      </class> <!-- com.jesper.ApplicationTests -->
    </test> <!-- Surefire test -->
  </suite> <!-- Surefire suite -->
</testng-results>
