<?xml version="1.0" encoding="UTF-8"?>
<!-- Generated by org.testng.reporters.JUnitXMLReporter -->
<testsuite hostname="DESKTOP-M14IF8A" ignored="0" name="Surefire test" tests="2" failures="0" timestamp="25 十二月 2019 13:28:10 GMT" time="5.355" errors="0">
  <testcase name="saveFileTest on saveFileTest(com.jesper.ApplicationTests)" time="4.995" classname="com.jesper.ApplicationTests"/>
  <testcase name="contextLoads on contextLoads(com.jesper.ApplicationTests)" time="4.998" classname="com.jesper.ApplicationTests"/>
</testsuite> <!-- Surefire test -->
